
Showing logs for build [32mcb-kubecd-environment-pr-174-46-w7gsh-1[0m stage [32mfrom-build-pack[0m and container [32mstep-credential-initializer-9dchs[0m
{"level":"warn","ts":1583455958.5989788,"logger":"fallback-logger","caller":"logging/config.go:69","msg":"Fetch GitHub commit ID from kodata failed: \"ref: refs/heads/0.8.0-**-support-backwards-incompats\" is not a valid GitHub commit ID"}
{"level":"info","ts":1583455958.599402,"logger":"fallback-logger","caller":"creds-init/main.go:40","msg":"Credentials initialized."}

Showing logs for build [32mcb-kubecd-environment-pr-174-46-w7gsh-1[0m stage [32mfrom-build-pack[0m and container [32mstep-working-dir-initializer-zczpr[0m
{"level":"warn","ts":1583455960.5737743,"logger":"fallback-logger","caller":"logging/config.go:69","msg":"Fetch GitHub commit ID from kodata failed: open /var/run/ko/HEAD: no such file or directory"}
{"level":"info","ts":1583455960.6452408,"logger":"fallback-logger","caller":"bash/main.go:64","msg":"Successfully executed command \"sh -c mkdir -p /workspace/source\"; output "}

Showing logs for build [32mcb-kubecd-environment-pr-174-46-w7gsh-1[0m stage [32mfrom-build-pack[0m and container [32mstep-place-tools[0m

Showing logs for build [32mcb-kubecd-environment-pr-174-46-w7gsh-1[0m stage [32mfrom-build-pack[0m and container [32mstep-git-source-cb-kubecd-environment-pr-174-46-w7gsh-wvqnl[0m
{"level":"warn","ts":1583455966.0744736,"logger":"fallback-logger","caller":"logging/config.go:69","msg":"Fetch GitHub commit ID from kodata failed: \"ref: refs/heads/0.8.0-**-support-backwards-incompats\" is not a valid GitHub commit ID"}
{"level":"info","ts":1583455967.1205661,"logger":"fallback-logger","caller":"git/git.go:103","msg":"Successfully cloned https://github.com/cb-kubecd/environment-pr-174-46-boot-vault-gke-production.git @ master in path /workspace/source"}

Showing logs for build [32mcb-kubecd-environment-pr-174-46-w7gsh-1[0m stage [32mfrom-build-pack[0m and container [32mstep-git-merge[0m
Using SHAs from PULL_REFS=master:ede0926d25b619180aad8ca7bbcfe7a804949399,1:00197cfccc64cd48cd86d7086014383d57bc604a
DEBUG: LC_ALL=C JX_LOG_LEVEL=error git fetch origin --unshallow 00197cfccc64cd48cd86d7086014383d57bc604a: ede0926d25b619180aad8ca7bbcfe7a804949399:
DEBUG: ran git fetch --unshallow origin 00197cfccc64cd48cd86d7086014383d57bc604a: ede0926d25b619180aad8ca7bbcfe7a804949399: in 
DEBUG: LC_ALL=C JX_LOG_LEVEL=error git branch
DEBUG: JX_LOG_LEVEL=error LC_ALL=C git checkout master
DEBUG: ran git checkout master in 
DEBUG: LC_ALL=C JX_LOG_LEVEL=error git reset --hard ede0926d25b619180aad8ca7bbcfe7a804949399
DEBUG: ran git reset --hard ede0926d25b619180aad8ca7bbcfe7a804949399 in 
DEBUG: LC_ALL=C JX_LOG_LEVEL=error git clean -fd .
DEBUG: ran clean --force -d . in 
DEBUG: LC_ALL=C JX_LOG_LEVEL=error git merge 00197cfccc64cd48cd86d7086014383d57bc604a
DEBUG: ran git merge 00197cfccc64cd48cd86d7086014383d57bc604a in 
DEBUG: LC_ALL=C JX_LOG_LEVEL=error git log --format=%H%x1f%an%x1f%ae%x1f%cn%x1f%ce%x1f%s%n%b%x1e ede0926d25b619180aad8ca7bbcfe7a804949399..HEAD
Merged SHA 00197cfccc64cd48cd86d7086014383d57bc604a with commit message 'chore: Promote bdd-spring-1583454574 to version 0.0.1' into base branch master

Showing logs for build [32mcb-kubecd-environment-pr-174-46-w7gsh-1[0m stage [32mfrom-build-pack[0m and container [32mstep-build-helm-build[0m
WARNING: No $CHART_REPOSITORY defined so using the default value of: http://jenkins-x-chartmuseum:8080
Adding missing Helm repo: storage.googleapis.com https://storage.googleapis.com/chartmuseum.jenkins-x.io
WARNING: No secrets found on "helm/repos" due: reading the secret "helm/repos" from vault: no secret "helm/repos" not found in vault
Read credentials for https://storage.googleapis.com/chartmuseum.jenkins-x.io from vault helm/repos
Successfully added Helm repository storage.googleapis.com.
Adding missing Helm repo: jenkins-x-chartmuseum http://jenkins-x-chartmuseum:8080
WARNING: No secrets found on "helm/repos" due: reading the secret "helm/repos" from vault: no secret "helm/repos" not found in vault
Read credentials for http://jenkins-x-chartmuseum:8080 from vault helm/repos
Successfully added Helm repository jenkins-x-chartmuseum.
WARNING: No $CHART_REPOSITORY defined so using the default value of: http://jenkins-x-chartmuseum:8080
Adding missing Helm repo: chartmuseum.jenkins-x.io http://chartmuseum.jenkins-x.io
WARNING: No secrets found on "helm/repos" due: reading the secret "helm/repos" from vault: no secret "helm/repos" not found in vault
Read credentials for http://chartmuseum.jenkins-x.io from vault helm/repos
Successfully added Helm repository chartmuseum.jenkins-x.io.
